2025-07-13 01:22:25,132 sqlalchemy.engine.Engine INFO BEGIN (implicit)
2025-07-13 01:22:25,133 sqlalchemy.engine.Engine INFO PRAGMA main.table_info("user")
2025-07-13 01:22:25,133 sqlalchemy.engine.Engine INFO [raw sql] ()
2025-07-13 01:22:25,134 sqlalchemy.engine.Engine INFO PRAGMA main.table_info("session")
2025-07-13 01:22:25,134 sqlalchemy.engine.Engine INFO [raw sql] ()
2025-07-13 01:22:25,135 sqlalchemy.engine.Engine INFO PRAGMA main.table_info("chat_history")
2025-07-13 01:22:25,135 sqlalchemy.engine.Engine INFO [raw sql] ()
2025-07-13 01:22:25,135 sqlalchemy.engine.Engine INFO COMMIT
2025-07-13 01:22:25,432 uvicorn.error INFO Will watch for changes in these directories: ['D:\\dev\\open_projects\\simple_chat_interface\\backend']
2025-07-13 01:22:25,437 uvicorn.error INFO Uvicorn running on http://127.0.0.1:8000 (Press CTRL+C to quit)
2025-07-13 01:22:25,437 uvicorn.error INFO Started reloader process [10336] using WatchFiles
2025-07-13 01:22:26,469 sqlalchemy.engine.Engine INFO BEGIN (implicit)
2025-07-13 01:22:26,469 sqlalchemy.engine.Engine INFO PRAGMA main.table_info("user")
2025-07-13 01:22:26,470 sqlalchemy.engine.Engine INFO [raw sql] ()
2025-07-13 01:22:26,470 sqlalchemy.engine.Engine INFO PRAGMA main.table_info("session")
2025-07-13 01:22:26,472 sqlalchemy.engine.Engine INFO [raw sql] ()
2025-07-13 01:22:26,472 sqlalchemy.engine.Engine INFO PRAGMA main.table_info("chat_history")
2025-07-13 01:22:26,472 sqlalchemy.engine.Engine INFO [raw sql] ()
2025-07-13 01:22:26,472 sqlalchemy.engine.Engine INFO COMMIT
2025-07-13 01:22:26,785 uvicorn.error INFO Started server process [18096]
2025-07-13 01:22:26,787 uvicorn.error INFO Waiting for application startup.
2025-07-13 01:22:26,788 uvicorn.error INFO Application startup complete.
2025-07-13 01:23:07,421 watchfiles.main DEBUG 1 change detected: {(<Change.modified: 2>, 'D:\\dev\\open_projects\\simple_chat_interface\\backend\\schema\\user.py')}
2025-07-13 01:23:07,422 uvicorn.error WARNING WatchFiles detected changes in 'schema\user.py'. Reloading...
2025-07-13 01:23:07,483 uvicorn.error INFO Shutting down
2025-07-13 01:23:07,591 uvicorn.error INFO Waiting for application shutdown.
2025-07-13 01:23:07,592 uvicorn.error INFO Application shutdown complete.
2025-07-13 01:23:07,593 uvicorn.error INFO Finished server process [18096]
2025-07-13 01:23:08,811 sqlalchemy.engine.Engine INFO BEGIN (implicit)
2025-07-13 01:23:08,812 sqlalchemy.engine.Engine INFO PRAGMA main.table_info("user")
2025-07-13 01:23:08,813 sqlalchemy.engine.Engine INFO [raw sql] ()
2025-07-13 01:23:08,813 sqlalchemy.engine.Engine INFO PRAGMA main.table_info("session")
2025-07-13 01:23:08,813 sqlalchemy.engine.Engine INFO [raw sql] ()
2025-07-13 01:23:08,814 sqlalchemy.engine.Engine INFO PRAGMA main.table_info("chat_history")
2025-07-13 01:23:08,814 sqlalchemy.engine.Engine INFO [raw sql] ()
2025-07-13 01:23:08,815 sqlalchemy.engine.Engine INFO COMMIT
2025-07-13 01:23:08,872 watchfiles.main DEBUG 6 changes detected: {(<Change.added: 1>, 'D:\\dev\\open_projects\\simple_chat_interface\\backend\\schema\\__pycache__\\user.cpython-312.pyc.1218501167840'), (<Change.added: 1>, 'D:\\dev\\open_projects\\simple_chat_interface\\backend\\schema\\__pycache__\\user.cpython-312.pyc'), (<Change.modified: 2>, 'D:\\dev\\open_projects\\simple_chat_interface\\backend\\schema\\__pycache__'), (<Change.modified: 2>, 'D:\\dev\\open_projects\\simple_chat_interface\\backend\\schema\\user.py'), (<Change.deleted: 3>, 'D:\\dev\\open_projects\\simple_chat_interface\\backend\\schema\\__pycache__\\user.cpython-312.pyc.1218501167840'), (<Change.deleted: 3>, 'D:\\dev\\open_projects\\simple_chat_interface\\backend\\schema\\__pycache__\\user.cpython-312.pyc')}
2025-07-13 01:23:08,872 uvicorn.error WARNING WatchFiles detected changes in 'schema\user.py'. Reloading...
2025-07-13 01:23:09,146 uvicorn.error INFO Started server process [12636]
2025-07-13 01:23:09,146 uvicorn.error INFO Waiting for application startup.
2025-07-13 01:23:09,148 uvicorn.error INFO Application startup complete.
2025-07-13 01:23:09,151 uvicorn.error ERROR Traceback (most recent call last):
  File "C:\Program Files\WindowsApps\PythonSoftwareFoundation.Python.3.12_3.12.2800.0_x64__qbz5n2kfra8p0\Lib\asyncio\runners.py", line 118, in run
    return self._loop.run_until_complete(task)
           ^^^^^^^^^^^^^^^^^^^^^^^^^^^^^^^^^^^
  File "C:\Program Files\WindowsApps\PythonSoftwareFoundation.Python.3.12_3.12.2800.0_x64__qbz5n2kfra8p0\Lib\asyncio\base_events.py", line 691, in run_until_complete
    return future.result()
           ^^^^^^^^^^^^^^^
asyncio.exceptions.CancelledError

During handling of the above exception, another exception occurred:

Traceback (most recent call last):
  File "C:\Program Files\WindowsApps\PythonSoftwareFoundation.Python.3.12_3.12.2800.0_x64__qbz5n2kfra8p0\Lib\asyncio\runners.py", line 195, in run
    return runner.run(main)
           ^^^^^^^^^^^^^^^^
  File "C:\Program Files\WindowsApps\PythonSoftwareFoundation.Python.3.12_3.12.2800.0_x64__qbz5n2kfra8p0\Lib\asyncio\runners.py", line 123, in run
    raise KeyboardInterrupt()
KeyboardInterrupt

During handling of the above exception, another exception occurred:

Traceback (most recent call last):
  File "d:\dev\open_projects\simple_chat_interface\.venv\Lib\site-packages\starlette\routing.py", line 701, in lifespan
    await receive()
  File "d:\dev\open_projects\simple_chat_interface\.venv\Lib\site-packages\uvicorn\lifespan\on.py", line 137, in receive
    return await self.receive_queue.get()
           ^^^^^^^^^^^^^^^^^^^^^^^^^^^^^^
  File "C:\Program Files\WindowsApps\PythonSoftwareFoundation.Python.3.12_3.12.2800.0_x64__qbz5n2kfra8p0\Lib\asyncio\queues.py", line 158, in get
    await getter
asyncio.exceptions.CancelledError

2025-07-13 01:23:09,680 watchfiles.main DEBUG 1 change detected: {(<Change.modified: 2>, 'D:\\dev\\open_projects\\simple_chat_interface\\backend\\schema\\user.py')}
2025-07-13 01:23:09,680 uvicorn.error WARNING WatchFiles detected changes in 'schema\user.py'. Reloading...
2025-07-13 01:23:10,353 sqlalchemy.engine.Engine INFO BEGIN (implicit)
2025-07-13 01:23:10,353 sqlalchemy.engine.Engine INFO PRAGMA main.table_info("user")
2025-07-13 01:23:10,354 sqlalchemy.engine.Engine INFO [raw sql] ()
2025-07-13 01:23:10,355 sqlalchemy.engine.Engine INFO PRAGMA main.table_info("session")
2025-07-13 01:23:10,355 sqlalchemy.engine.Engine INFO [raw sql] ()
2025-07-13 01:23:10,355 sqlalchemy.engine.Engine INFO PRAGMA main.table_info("chat_history")
2025-07-13 01:23:10,355 sqlalchemy.engine.Engine INFO [raw sql] ()
2025-07-13 01:23:10,356 sqlalchemy.engine.Engine INFO COMMIT
2025-07-13 01:23:10,670 uvicorn.error INFO Started server process [30204]
2025-07-13 01:23:10,672 uvicorn.error INFO Waiting for application startup.
2025-07-13 01:23:10,673 uvicorn.error INFO Application startup complete.
2025-07-13 01:23:10,678 uvicorn.error ERROR Traceback (most recent call last):
  File "C:\Program Files\WindowsApps\PythonSoftwareFoundation.Python.3.12_3.12.2800.0_x64__qbz5n2kfra8p0\Lib\asyncio\runners.py", line 118, in run
    return self._loop.run_until_complete(task)
           ^^^^^^^^^^^^^^^^^^^^^^^^^^^^^^^^^^^
  File "C:\Program Files\WindowsApps\PythonSoftwareFoundation.Python.3.12_3.12.2800.0_x64__qbz5n2kfra8p0\Lib\asyncio\base_events.py", line 691, in run_until_complete
    return future.result()
           ^^^^^^^^^^^^^^^
asyncio.exceptions.CancelledError

During handling of the above exception, another exception occurred:

Traceback (most recent call last):
  File "C:\Program Files\WindowsApps\PythonSoftwareFoundation.Python.3.12_3.12.2800.0_x64__qbz5n2kfra8p0\Lib\asyncio\runners.py", line 195, in run
    return runner.run(main)
           ^^^^^^^^^^^^^^^^
  File "C:\Program Files\WindowsApps\PythonSoftwareFoundation.Python.3.12_3.12.2800.0_x64__qbz5n2kfra8p0\Lib\asyncio\runners.py", line 123, in run
    raise KeyboardInterrupt()
KeyboardInterrupt

During handling of the above exception, another exception occurred:

Traceback (most recent call last):
  File "d:\dev\open_projects\simple_chat_interface\.venv\Lib\site-packages\starlette\routing.py", line 701, in lifespan
    await receive()
  File "d:\dev\open_projects\simple_chat_interface\.venv\Lib\site-packages\uvicorn\lifespan\on.py", line 137, in receive
    return await self.receive_queue.get()
           ^^^^^^^^^^^^^^^^^^^^^^^^^^^^^^
  File "C:\Program Files\WindowsApps\PythonSoftwareFoundation.Python.3.12_3.12.2800.0_x64__qbz5n2kfra8p0\Lib\asyncio\queues.py", line 158, in get
    await getter
asyncio.exceptions.CancelledError

2025-07-13 01:23:11,210 watchfiles.main DEBUG 5 changes detected: {(<Change.added: 1>, 'D:\\dev\\open_projects\\simple_chat_interface\\backend\\schema\\__pycache__\\user.cpython-312.pyc'), (<Change.added: 1>, 'D:\\dev\\open_projects\\simple_chat_interface\\backend\\schema\\__pycache__\\user.cpython-312.pyc.2918216649440'), (<Change.modified: 2>, 'D:\\dev\\open_projects\\simple_chat_interface\\backend\\schema\\__pycache__'), (<Change.deleted: 3>, 'D:\\dev\\open_projects\\simple_chat_interface\\backend\\schema\\__pycache__\\user.cpython-312.pyc'), (<Change.deleted: 3>, 'D:\\dev\\open_projects\\simple_chat_interface\\backend\\schema\\__pycache__\\user.cpython-312.pyc.2918216649440')}
2025-07-13 01:23:11,865 sqlalchemy.engine.Engine INFO BEGIN (implicit)
2025-07-13 01:23:11,866 sqlalchemy.engine.Engine INFO PRAGMA main.table_info("user")
2025-07-13 01:23:11,866 sqlalchemy.engine.Engine INFO [raw sql] ()
2025-07-13 01:23:11,867 sqlalchemy.engine.Engine INFO PRAGMA main.table_info("session")
2025-07-13 01:23:11,867 sqlalchemy.engine.Engine INFO [raw sql] ()
2025-07-13 01:23:11,867 sqlalchemy.engine.Engine INFO PRAGMA main.table_info("chat_history")
2025-07-13 01:23:11,867 sqlalchemy.engine.Engine INFO [raw sql] ()
2025-07-13 01:23:11,868 sqlalchemy.engine.Engine INFO COMMIT
2025-07-13 01:23:12,176 uvicorn.error INFO Started server process [17428]
2025-07-13 01:23:12,178 uvicorn.error INFO Waiting for application startup.
2025-07-13 01:23:12,179 uvicorn.error INFO Application startup complete.
2025-07-13 01:23:19,491 uvicorn.error INFO Shutting down
2025-07-13 01:23:19,601 uvicorn.error INFO Waiting for application shutdown.
2025-07-13 01:23:19,603 uvicorn.error INFO Application shutdown complete.
2025-07-13 01:23:19,604 uvicorn.error INFO Finished server process [17428]
2025-07-13 01:23:19,746 uvicorn.error INFO Stopping reloader process [10336]
2025-07-13 01:23:21,935 sqlalchemy.engine.Engine INFO BEGIN (implicit)
2025-07-13 01:23:21,935 sqlalchemy.engine.Engine INFO PRAGMA main.table_info("user")
2025-07-13 01:23:21,936 sqlalchemy.engine.Engine INFO [raw sql] ()
2025-07-13 01:23:21,937 sqlalchemy.engine.Engine INFO PRAGMA main.table_info("session")
2025-07-13 01:23:21,937 sqlalchemy.engine.Engine INFO [raw sql] ()
2025-07-13 01:23:21,938 sqlalchemy.engine.Engine INFO PRAGMA main.table_info("chat_history")
2025-07-13 01:23:21,938 sqlalchemy.engine.Engine INFO [raw sql] ()
2025-07-13 01:23:21,938 sqlalchemy.engine.Engine INFO COMMIT
2025-07-13 01:23:22,254 uvicorn.error INFO Will watch for changes in these directories: ['D:\\dev\\open_projects\\simple_chat_interface\\backend']
2025-07-13 01:23:22,256 uvicorn.error INFO Uvicorn running on http://127.0.0.1:8000 (Press CTRL+C to quit)
2025-07-13 01:23:22,256 uvicorn.error INFO Started reloader process [18844] using WatchFiles
2025-07-13 01:23:23,277 sqlalchemy.engine.Engine INFO BEGIN (implicit)
2025-07-13 01:23:23,278 sqlalchemy.engine.Engine INFO PRAGMA main.table_info("user")
2025-07-13 01:23:23,278 sqlalchemy.engine.Engine INFO [raw sql] ()
2025-07-13 01:23:23,278 sqlalchemy.engine.Engine INFO PRAGMA main.table_info("session")
2025-07-13 01:23:23,279 sqlalchemy.engine.Engine INFO [raw sql] ()
2025-07-13 01:23:23,280 sqlalchemy.engine.Engine INFO PRAGMA main.table_info("chat_history")
2025-07-13 01:23:23,280 sqlalchemy.engine.Engine INFO [raw sql] ()
2025-07-13 01:23:23,281 sqlalchemy.engine.Engine INFO COMMIT
2025-07-13 01:23:23,594 uvicorn.error INFO Started server process [18540]
2025-07-13 01:23:23,595 uvicorn.error INFO Waiting for application startup.
2025-07-13 01:23:23,597 uvicorn.error INFO Application startup complete.
2025-07-13 01:23:34,655 root ERROR Error getting db session : Mapper 'Mapper[Users(user)]' has no property 'session'.  If this property was indicated from other mappers or configure events, ensure registry.configure() has been called.
2025-07-13 01:23:34,657 uvicorn.error ERROR Exception in ASGI application
Traceback (most recent call last):
  File "d:\dev\open_projects\simple_chat_interface\.venv\Lib\site-packages\sqlalchemy\orm\mapper.py", line 2522, in get_property
    return self._props[key]
           ~~~~~~~~~~~^^^^^
KeyError: 'session'

The above exception was the direct cause of the following exception:

Traceback (most recent call last):
  File "d:\dev\open_projects\simple_chat_interface\.venv\Lib\site-packages\uvicorn\protocols\http\httptools_impl.py", line 409, in run_asgi
    result = await app(  # type: ignore[func-returns-value]
             ^^^^^^^^^^^^^^^^^^^^^^^^^^^^^^^^^^^^^^^^^^^^^^
  File "d:\dev\open_projects\simple_chat_interface\.venv\Lib\site-packages\uvicorn\middleware\proxy_headers.py", line 60, in __call__
    return await self.app(scope, receive, send)
           ^^^^^^^^^^^^^^^^^^^^^^^^^^^^^^^^^^^^
  File "d:\dev\open_projects\simple_chat_interface\.venv\Lib\site-packages\fastapi\applications.py", line 1054, in __call__
    await super().__call__(scope, receive, send)
  File "d:\dev\open_projects\simple_chat_interface\.venv\Lib\site-packages\starlette\applications.py", line 113, in __call__
    await self.middleware_stack(scope, receive, send)
  File "d:\dev\open_projects\simple_chat_interface\.venv\Lib\site-packages\starlette\middleware\errors.py", line 186, in __call__
    raise exc
  File "d:\dev\open_projects\simple_chat_interface\.venv\Lib\site-packages\starlette\middleware\errors.py", line 164, in __call__
    await self.app(scope, receive, _send)
  File "d:\dev\open_projects\simple_chat_interface\.venv\Lib\site-packages\starlette\middleware\cors.py", line 93, in __call__
    await self.simple_response(scope, receive, send, request_headers=headers)
  File "d:\dev\open_projects\simple_chat_interface\.venv\Lib\site-packages\starlette\middleware\cors.py", line 144, in simple_response
    await self.app(scope, receive, send)
  File "d:\dev\open_projects\simple_chat_interface\.venv\Lib\site-packages\starlette\middleware\exceptions.py", line 63, in __call__
    await wrap_app_handling_exceptions(self.app, conn)(scope, receive, send)
  File "d:\dev\open_projects\simple_chat_interface\.venv\Lib\site-packages\starlette\_exception_handler.py", line 53, in wrapped_app
    raise exc
  File "d:\dev\open_projects\simple_chat_interface\.venv\Lib\site-packages\starlette\_exception_handler.py", line 42, in wrapped_app
    await app(scope, receive, sender)
  File "d:\dev\open_projects\simple_chat_interface\.venv\Lib\site-packages\starlette\routing.py", line 716, in __call__
    await self.middleware_stack(scope, receive, send)
  File "d:\dev\open_projects\simple_chat_interface\.venv\Lib\site-packages\starlette\routing.py", line 736, in app
    await route.handle(scope, receive, send)
  File "d:\dev\open_projects\simple_chat_interface\.venv\Lib\site-packages\starlette\routing.py", line 290, in handle
    await self.app(scope, receive, send)
  File "d:\dev\open_projects\simple_chat_interface\.venv\Lib\site-packages\starlette\routing.py", line 78, in app
    await wrap_app_handling_exceptions(app, request)(scope, receive, send)
  File "d:\dev\open_projects\simple_chat_interface\.venv\Lib\site-packages\starlette\_exception_handler.py", line 53, in wrapped_app
    raise exc
  File "d:\dev\open_projects\simple_chat_interface\.venv\Lib\site-packages\starlette\_exception_handler.py", line 42, in wrapped_app
    await app(scope, receive, sender)
  File "d:\dev\open_projects\simple_chat_interface\.venv\Lib\site-packages\starlette\routing.py", line 75, in app
    response = await f(request)
               ^^^^^^^^^^^^^^^^
  File "d:\dev\open_projects\simple_chat_interface\.venv\Lib\site-packages\fastapi\routing.py", line 302, in app
    raw_response = await run_endpoint_function(
                   ^^^^^^^^^^^^^^^^^^^^^^^^^^^^
  File "d:\dev\open_projects\simple_chat_interface\.venv\Lib\site-packages\fastapi\routing.py", line 215, in run_endpoint_function
    return await run_in_threadpool(dependant.call, **values)
           ^^^^^^^^^^^^^^^^^^^^^^^^^^^^^^^^^^^^^^^^^^^^^^^^^
  File "d:\dev\open_projects\simple_chat_interface\.venv\Lib\site-packages\starlette\concurrency.py", line 38, in run_in_threadpool
    return await anyio.to_thread.run_sync(func)
           ^^^^^^^^^^^^^^^^^^^^^^^^^^^^^^^^^^^^
  File "d:\dev\open_projects\simple_chat_interface\.venv\Lib\site-packages\anyio\to_thread.py", line 56, in run_sync
    return await get_async_backend().run_sync_in_worker_thread(
           ^^^^^^^^^^^^^^^^^^^^^^^^^^^^^^^^^^^^^^^^^^^^^^^^^^^^
  File "d:\dev\open_projects\simple_chat_interface\.venv\Lib\site-packages\anyio\_backends\_asyncio.py", line 2470, in run_sync_in_worker_thread
    return await future
           ^^^^^^^^^^^^
  File "d:\dev\open_projects\simple_chat_interface\.venv\Lib\site-packages\anyio\_backends\_asyncio.py", line 967, in run
    result = context.run(func, *args)
             ^^^^^^^^^^^^^^^^^^^^^^^^
  File "D:\dev\open_projects\simple_chat_interface\Backend\routes\user.py", line 18, in add_user
    db_user = models.Users(**user.model_dump())
              ^^^^^^^^^^^^^^^^^^^^^^^^^^^^^^^^^
  File "<string>", line 4, in __init__
  File "d:\dev\open_projects\simple_chat_interface\.venv\Lib\site-packages\sqlalchemy\orm\state.py", line 566, in _initialize_instance
    manager.dispatch.init(self, args, kwargs)
  File "d:\dev\open_projects\simple_chat_interface\.venv\Lib\site-packages\sqlalchemy\event\attr.py", line 497, in __call__
    fn(*args, **kw)
  File "d:\dev\open_projects\simple_chat_interface\.venv\Lib\site-packages\sqlalchemy\orm\mapper.py", line 4406, in _event_on_init
    instrumenting_mapper._check_configure()
  File "d:\dev\open_projects\simple_chat_interface\.venv\Lib\site-packages\sqlalchemy\orm\mapper.py", line 2401, in _check_configure
    _configure_registries({self.registry}, cascade=True)
  File "d:\dev\open_projects\simple_chat_interface\.venv\Lib\site-packages\sqlalchemy\orm\mapper.py", line 4214, in _configure_registries
    _do_configure_registries(registries, cascade)
  File "d:\dev\open_projects\simple_chat_interface\.venv\Lib\site-packages\sqlalchemy\orm\mapper.py", line 4255, in _do_configure_registries
    mapper._post_configure_properties()
  File "d:\dev\open_projects\simple_chat_interface\.venv\Lib\site-packages\sqlalchemy\orm\mapper.py", line 2418, in _post_configure_properties
    prop.init()
  File "d:\dev\open_projects\simple_chat_interface\.venv\Lib\site-packages\sqlalchemy\orm\interfaces.py", line 589, in init
    self.do_init()
  File "d:\dev\open_projects\simple_chat_interface\.venv\Lib\site-packages\sqlalchemy\orm\relationships.py", line 1661, in do_init
    self._generate_backref()
  File "d:\dev\open_projects\simple_chat_interface\.venv\Lib\site-packages\sqlalchemy\orm\relationships.py", line 2145, in _generate_backref
    self._add_reverse_property(self.back_populates)
  File "d:\dev\open_projects\simple_chat_interface\.venv\Lib\site-packages\sqlalchemy\orm\relationships.py", line 1592, in _add_reverse_property
    other = self.mapper.get_property(key, _configure_mappers=False)
            ^^^^^^^^^^^^^^^^^^^^^^^^^^^^^^^^^^^^^^^^^^^^^^^^^^^^^^^
  File "d:\dev\open_projects\simple_chat_interface\.venv\Lib\site-packages\sqlalchemy\orm\mapper.py", line 2524, in get_property
    raise sa_exc.InvalidRequestError(
sqlalchemy.exc.InvalidRequestError: Mapper 'Mapper[Users(user)]' has no property 'session'.  If this property was indicated from other mappers or configure events, ensure registry.configure() has been called.
2025-07-13 01:25:42,762 watchfiles.main DEBUG 1 change detected: {(<Change.modified: 2>, 'D:\\dev\\open_projects\\simple_chat_interface\\backend\\models\\models.py')}
2025-07-13 01:25:42,763 uvicorn.error WARNING WatchFiles detected changes in 'models\models.py'. Reloading...
2025-07-13 01:25:42,839 uvicorn.error INFO Shutting down
2025-07-13 01:25:42,947 uvicorn.error INFO Waiting for application shutdown.
2025-07-13 01:25:42,948 uvicorn.error INFO Application shutdown complete.
2025-07-13 01:25:42,949 uvicorn.error INFO Finished server process [18540]
2025-07-13 01:25:43,937 watchfiles.main DEBUG 5 changes detected: {(<Change.deleted: 3>, 'D:\\dev\\open_projects\\simple_chat_interface\\backend\\models\\__pycache__\\models.cpython-312.pyc.2261086001968'), (<Change.modified: 2>, 'D:\\dev\\open_projects\\simple_chat_interface\\backend\\models\\__pycache__'), (<Change.added: 1>, 'D:\\dev\\open_projects\\simple_chat_interface\\backend\\models\\__pycache__\\models.cpython-312.pyc.2261086001968'), (<Change.deleted: 3>, 'D:\\dev\\open_projects\\simple_chat_interface\\backend\\models\\__pycache__\\models.cpython-312.pyc'), (<Change.added: 1>, 'D:\\dev\\open_projects\\simple_chat_interface\\backend\\models\\__pycache__\\models.cpython-312.pyc')}
2025-07-13 01:25:44,171 sqlalchemy.engine.Engine INFO BEGIN (implicit)
2025-07-13 01:25:44,171 sqlalchemy.engine.Engine INFO PRAGMA main.table_info("user")
2025-07-13 01:25:44,171 sqlalchemy.engine.Engine INFO [raw sql] ()
2025-07-13 01:25:44,172 sqlalchemy.engine.Engine INFO PRAGMA main.table_info("session")
2025-07-13 01:25:44,172 sqlalchemy.engine.Engine INFO [raw sql] ()
2025-07-13 01:25:44,173 sqlalchemy.engine.Engine INFO PRAGMA main.table_info("chat_history")
2025-07-13 01:25:44,173 sqlalchemy.engine.Engine INFO [raw sql] ()
2025-07-13 01:25:44,174 sqlalchemy.engine.Engine INFO COMMIT
2025-07-13 01:25:44,478 uvicorn.error INFO Started server process [3012]
2025-07-13 01:25:44,480 uvicorn.error INFO Waiting for application startup.
2025-07-13 01:25:44,481 uvicorn.error INFO Application startup complete.
2025-07-13 01:25:50,582 sqlalchemy.engine.Engine INFO BEGIN (implicit)
2025-07-13 01:25:50,583 sqlalchemy.engine.Engine INFO INSERT INTO user (name, email) VALUES (?, ?)
2025-07-13 01:25:50,584 sqlalchemy.engine.Engine INFO [generated in 0.00037s] ('string', 'string')
2025-07-13 01:25:50,587 sqlalchemy.engine.Engine INFO COMMIT
2025-07-13 01:25:50,595 root ERROR Error getting db session : Session.refresh() missing 1 required positional argument: 'instance'
2025-07-13 01:25:50,597 uvicorn.error ERROR Exception in ASGI application
Traceback (most recent call last):
  File "d:\dev\open_projects\simple_chat_interface\.venv\Lib\site-packages\uvicorn\protocols\http\httptools_impl.py", line 409, in run_asgi
    result = await app(  # type: ignore[func-returns-value]
             ^^^^^^^^^^^^^^^^^^^^^^^^^^^^^^^^^^^^^^^^^^^^^^
  File "d:\dev\open_projects\simple_chat_interface\.venv\Lib\site-packages\uvicorn\middleware\proxy_headers.py", line 60, in __call__
    return await self.app(scope, receive, send)
           ^^^^^^^^^^^^^^^^^^^^^^^^^^^^^^^^^^^^
  File "d:\dev\open_projects\simple_chat_interface\.venv\Lib\site-packages\fastapi\applications.py", line 1054, in __call__
    await super().__call__(scope, receive, send)
  File "d:\dev\open_projects\simple_chat_interface\.venv\Lib\site-packages\starlette\applications.py", line 113, in __call__
    await self.middleware_stack(scope, receive, send)
  File "d:\dev\open_projects\simple_chat_interface\.venv\Lib\site-packages\starlette\middleware\errors.py", line 186, in __call__
    raise exc
  File "d:\dev\open_projects\simple_chat_interface\.venv\Lib\site-packages\starlette\middleware\errors.py", line 164, in __call__
    await self.app(scope, receive, _send)
  File "d:\dev\open_projects\simple_chat_interface\.venv\Lib\site-packages\starlette\middleware\cors.py", line 93, in __call__
    await self.simple_response(scope, receive, send, request_headers=headers)
  File "d:\dev\open_projects\simple_chat_interface\.venv\Lib\site-packages\starlette\middleware\cors.py", line 144, in simple_response
    await self.app(scope, receive, send)
  File "d:\dev\open_projects\simple_chat_interface\.venv\Lib\site-packages\starlette\middleware\exceptions.py", line 63, in __call__
    await wrap_app_handling_exceptions(self.app, conn)(scope, receive, send)
  File "d:\dev\open_projects\simple_chat_interface\.venv\Lib\site-packages\starlette\_exception_handler.py", line 53, in wrapped_app
    raise exc
  File "d:\dev\open_projects\simple_chat_interface\.venv\Lib\site-packages\starlette\_exception_handler.py", line 42, in wrapped_app
    await app(scope, receive, sender)
  File "d:\dev\open_projects\simple_chat_interface\.venv\Lib\site-packages\starlette\routing.py", line 716, in __call__
    await self.middleware_stack(scope, receive, send)
  File "d:\dev\open_projects\simple_chat_interface\.venv\Lib\site-packages\starlette\routing.py", line 736, in app
    await route.handle(scope, receive, send)
  File "d:\dev\open_projects\simple_chat_interface\.venv\Lib\site-packages\starlette\routing.py", line 290, in handle
    await self.app(scope, receive, send)
  File "d:\dev\open_projects\simple_chat_interface\.venv\Lib\site-packages\starlette\routing.py", line 78, in app
    await wrap_app_handling_exceptions(app, request)(scope, receive, send)
  File "d:\dev\open_projects\simple_chat_interface\.venv\Lib\site-packages\starlette\_exception_handler.py", line 53, in wrapped_app
    raise exc
  File "d:\dev\open_projects\simple_chat_interface\.venv\Lib\site-packages\starlette\_exception_handler.py", line 42, in wrapped_app
    await app(scope, receive, sender)
  File "d:\dev\open_projects\simple_chat_interface\.venv\Lib\site-packages\starlette\routing.py", line 75, in app
    response = await f(request)
               ^^^^^^^^^^^^^^^^
  File "d:\dev\open_projects\simple_chat_interface\.venv\Lib\site-packages\fastapi\routing.py", line 302, in app
    raw_response = await run_endpoint_function(
                   ^^^^^^^^^^^^^^^^^^^^^^^^^^^^
  File "d:\dev\open_projects\simple_chat_interface\.venv\Lib\site-packages\fastapi\routing.py", line 215, in run_endpoint_function
    return await run_in_threadpool(dependant.call, **values)
           ^^^^^^^^^^^^^^^^^^^^^^^^^^^^^^^^^^^^^^^^^^^^^^^^^
  File "d:\dev\open_projects\simple_chat_interface\.venv\Lib\site-packages\starlette\concurrency.py", line 38, in run_in_threadpool
    return await anyio.to_thread.run_sync(func)
           ^^^^^^^^^^^^^^^^^^^^^^^^^^^^^^^^^^^^
  File "d:\dev\open_projects\simple_chat_interface\.venv\Lib\site-packages\anyio\to_thread.py", line 56, in run_sync
    return await get_async_backend().run_sync_in_worker_thread(
           ^^^^^^^^^^^^^^^^^^^^^^^^^^^^^^^^^^^^^^^^^^^^^^^^^^^^
  File "d:\dev\open_projects\simple_chat_interface\.venv\Lib\site-packages\anyio\_backends\_asyncio.py", line 2470, in run_sync_in_worker_thread
    return await future
           ^^^^^^^^^^^^
  File "d:\dev\open_projects\simple_chat_interface\.venv\Lib\site-packages\anyio\_backends\_asyncio.py", line 967, in run
    result = context.run(func, *args)
             ^^^^^^^^^^^^^^^^^^^^^^^^
  File "D:\dev\open_projects\simple_chat_interface\Backend\routes\user.py", line 21, in add_user
    db.refresh()
TypeError: Session.refresh() missing 1 required positional argument: 'instance'
2025-07-13 01:25:50,694 watchfiles.main DEBUG 3 changes detected: {(<Change.deleted: 3>, 'D:\\dev\\open_projects\\simple_chat_interface\\backend\\.database.db-journal'), (<Change.modified: 2>, 'D:\\dev\\open_projects\\simple_chat_interface\\backend\\.database.db'), (<Change.added: 1>, 'D:\\dev\\open_projects\\simple_chat_interface\\backend\\.database.db-journal')}
2025-07-13 01:26:50,081 watchfiles.main DEBUG 1 change detected: {(<Change.modified: 2>, 'D:\\dev\\open_projects\\simple_chat_interface\\backend\\routes\\user.py')}
2025-07-13 01:26:50,082 uvicorn.error WARNING WatchFiles detected changes in 'routes\user.py'. Reloading...
2025-07-13 01:26:50,159 uvicorn.error INFO Shutting down
2025-07-13 01:26:50,270 uvicorn.error INFO Waiting for application shutdown.
2025-07-13 01:26:50,271 uvicorn.error INFO Application shutdown complete.
2025-07-13 01:26:50,272 uvicorn.error INFO Finished server process [3012]
2025-07-13 01:26:51,528 sqlalchemy.engine.Engine INFO BEGIN (implicit)
2025-07-13 01:26:51,528 sqlalchemy.engine.Engine INFO PRAGMA main.table_info("user")
2025-07-13 01:26:51,529 sqlalchemy.engine.Engine INFO [raw sql] ()
2025-07-13 01:26:51,531 sqlalchemy.engine.Engine INFO PRAGMA main.table_info("session")
2025-07-13 01:26:51,531 sqlalchemy.engine.Engine INFO [raw sql] ()
2025-07-13 01:26:51,531 sqlalchemy.engine.Engine INFO PRAGMA main.table_info("chat_history")
2025-07-13 01:26:51,531 sqlalchemy.engine.Engine INFO [raw sql] ()
2025-07-13 01:26:51,532 sqlalchemy.engine.Engine INFO COMMIT
2025-07-13 01:26:51,576 watchfiles.main DEBUG 5 changes detected: {(<Change.deleted: 3>, 'D:\\dev\\open_projects\\simple_chat_interface\\backend\\routes\\__pycache__\\user.cpython-312.pyc'), (<Change.added: 1>, 'D:\\dev\\open_projects\\simple_chat_interface\\backend\\routes\\__pycache__\\user.cpython-312.pyc'), (<Change.deleted: 3>, 'D:\\dev\\open_projects\\simple_chat_interface\\backend\\routes\\__pycache__\\user.cpython-312.pyc.2522031606208'), (<Change.modified: 2>, 'D:\\dev\\open_projects\\simple_chat_interface\\backend\\routes\\__pycache__'), (<Change.added: 1>, 'D:\\dev\\open_projects\\simple_chat_interface\\backend\\routes\\__pycache__\\user.cpython-312.pyc.2522031606208')}
2025-07-13 01:26:51,857 uvicorn.error INFO Started server process [23308]
2025-07-13 01:26:51,859 uvicorn.error INFO Waiting for application startup.
2025-07-13 01:26:51,860 uvicorn.error INFO Application startup complete.
2025-07-13 01:26:55,003 sqlalchemy.engine.Engine INFO BEGIN (implicit)
2025-07-13 01:26:55,005 sqlalchemy.engine.Engine INFO INSERT INTO user (name, email) VALUES (?, ?)
2025-07-13 01:26:55,005 sqlalchemy.engine.Engine INFO [generated in 0.00040s] ('string', 'string')
2025-07-13 01:26:55,006 sqlalchemy.engine.Engine INFO ROLLBACK
2025-07-13 01:26:55,006 root ERROR Error getting db session : (sqlite3.IntegrityError) UNIQUE constraint failed: user.email
[SQL: INSERT INTO user (name, email) VALUES (?, ?)]
[parameters: ('string', 'string')]
(Background on this error at: https://sqlalche.me/e/20/gkpj)
2025-07-13 01:26:55,008 uvicorn.error ERROR Exception in ASGI application
Traceback (most recent call last):
  File "d:\dev\open_projects\simple_chat_interface\.venv\Lib\site-packages\sqlalchemy\engine\base.py", line 1963, in _exec_single_context
    self.dialect.do_execute(
  File "d:\dev\open_projects\simple_chat_interface\.venv\Lib\site-packages\sqlalchemy\engine\default.py", line 943, in do_execute
    cursor.execute(statement, parameters)
sqlite3.IntegrityError: UNIQUE constraint failed: user.email

The above exception was the direct cause of the following exception:

Traceback (most recent call last):
  File "d:\dev\open_projects\simple_chat_interface\.venv\Lib\site-packages\uvicorn\protocols\http\httptools_impl.py", line 409, in run_asgi
    result = await app(  # type: ignore[func-returns-value]
             ^^^^^^^^^^^^^^^^^^^^^^^^^^^^^^^^^^^^^^^^^^^^^^
  File "d:\dev\open_projects\simple_chat_interface\.venv\Lib\site-packages\uvicorn\middleware\proxy_headers.py", line 60, in __call__
    return await self.app(scope, receive, send)
           ^^^^^^^^^^^^^^^^^^^^^^^^^^^^^^^^^^^^
  File "d:\dev\open_projects\simple_chat_interface\.venv\Lib\site-packages\fastapi\applications.py", line 1054, in __call__
    await super().__call__(scope, receive, send)
  File "d:\dev\open_projects\simple_chat_interface\.venv\Lib\site-packages\starlette\applications.py", line 113, in __call__
    await self.middleware_stack(scope, receive, send)
  File "d:\dev\open_projects\simple_chat_interface\.venv\Lib\site-packages\starlette\middleware\errors.py", line 186, in __call__
    raise exc
  File "d:\dev\open_projects\simple_chat_interface\.venv\Lib\site-packages\starlette\middleware\errors.py", line 164, in __call__
    await self.app(scope, receive, _send)
  File "d:\dev\open_projects\simple_chat_interface\.venv\Lib\site-packages\starlette\middleware\cors.py", line 93, in __call__
    await self.simple_response(scope, receive, send, request_headers=headers)
  File "d:\dev\open_projects\simple_chat_interface\.venv\Lib\site-packages\starlette\middleware\cors.py", line 144, in simple_response
    await self.app(scope, receive, send)
  File "d:\dev\open_projects\simple_chat_interface\.venv\Lib\site-packages\starlette\middleware\exceptions.py", line 63, in __call__
    await wrap_app_handling_exceptions(self.app, conn)(scope, receive, send)
  File "d:\dev\open_projects\simple_chat_interface\.venv\Lib\site-packages\starlette\_exception_handler.py", line 53, in wrapped_app
    raise exc
  File "d:\dev\open_projects\simple_chat_interface\.venv\Lib\site-packages\starlette\_exception_handler.py", line 42, in wrapped_app
    await app(scope, receive, sender)
  File "d:\dev\open_projects\simple_chat_interface\.venv\Lib\site-packages\starlette\routing.py", line 716, in __call__
    await self.middleware_stack(scope, receive, send)
  File "d:\dev\open_projects\simple_chat_interface\.venv\Lib\site-packages\starlette\routing.py", line 736, in app
    await route.handle(scope, receive, send)
  File "d:\dev\open_projects\simple_chat_interface\.venv\Lib\site-packages\starlette\routing.py", line 290, in handle
    await self.app(scope, receive, send)
  File "d:\dev\open_projects\simple_chat_interface\.venv\Lib\site-packages\starlette\routing.py", line 78, in app
    await wrap_app_handling_exceptions(app, request)(scope, receive, send)
  File "d:\dev\open_projects\simple_chat_interface\.venv\Lib\site-packages\starlette\_exception_handler.py", line 53, in wrapped_app
    raise exc
  File "d:\dev\open_projects\simple_chat_interface\.venv\Lib\site-packages\starlette\_exception_handler.py", line 42, in wrapped_app
    await app(scope, receive, sender)
  File "d:\dev\open_projects\simple_chat_interface\.venv\Lib\site-packages\starlette\routing.py", line 75, in app
    response = await f(request)
               ^^^^^^^^^^^^^^^^
  File "d:\dev\open_projects\simple_chat_interface\.venv\Lib\site-packages\fastapi\routing.py", line 302, in app
    raw_response = await run_endpoint_function(
                   ^^^^^^^^^^^^^^^^^^^^^^^^^^^^
  File "d:\dev\open_projects\simple_chat_interface\.venv\Lib\site-packages\fastapi\routing.py", line 215, in run_endpoint_function
    return await run_in_threadpool(dependant.call, **values)
           ^^^^^^^^^^^^^^^^^^^^^^^^^^^^^^^^^^^^^^^^^^^^^^^^^
  File "d:\dev\open_projects\simple_chat_interface\.venv\Lib\site-packages\starlette\concurrency.py", line 38, in run_in_threadpool
    return await anyio.to_thread.run_sync(func)
           ^^^^^^^^^^^^^^^^^^^^^^^^^^^^^^^^^^^^
  File "d:\dev\open_projects\simple_chat_interface\.venv\Lib\site-packages\anyio\to_thread.py", line 56, in run_sync
    return await get_async_backend().run_sync_in_worker_thread(
           ^^^^^^^^^^^^^^^^^^^^^^^^^^^^^^^^^^^^^^^^^^^^^^^^^^^^
  File "d:\dev\open_projects\simple_chat_interface\.venv\Lib\site-packages\anyio\_backends\_asyncio.py", line 2470, in run_sync_in_worker_thread
    return await future
           ^^^^^^^^^^^^
  File "d:\dev\open_projects\simple_chat_interface\.venv\Lib\site-packages\anyio\_backends\_asyncio.py", line 967, in run
    result = context.run(func, *args)
             ^^^^^^^^^^^^^^^^^^^^^^^^
  File "D:\dev\open_projects\simple_chat_interface\Backend\routes\user.py", line 20, in add_user
    db.commit()
  File "d:\dev\open_projects\simple_chat_interface\.venv\Lib\site-packages\sqlalchemy\orm\session.py", line 2032, in commit
    trans.commit(_to_root=True)
  File "<string>", line 2, in commit
  File "d:\dev\open_projects\simple_chat_interface\.venv\Lib\site-packages\sqlalchemy\orm\state_changes.py", line 139, in _go
    ret_value = fn(self, *arg, **kw)
                ^^^^^^^^^^^^^^^^^^^^
  File "d:\dev\open_projects\simple_chat_interface\.venv\Lib\site-packages\sqlalchemy\orm\session.py", line 1313, in commit
    self._prepare_impl()
  File "<string>", line 2, in _prepare_impl
  File "d:\dev\open_projects\simple_chat_interface\.venv\Lib\site-packages\sqlalchemy\orm\state_changes.py", line 139, in _go
    ret_value = fn(self, *arg, **kw)
                ^^^^^^^^^^^^^^^^^^^^
  File "d:\dev\open_projects\simple_chat_interface\.venv\Lib\site-packages\sqlalchemy\orm\session.py", line 1288, in _prepare_impl
    self.session.flush()
  File "d:\dev\open_projects\simple_chat_interface\.venv\Lib\site-packages\sqlalchemy\orm\session.py", line 4345, in flush
    self._flush(objects)
  File "d:\dev\open_projects\simple_chat_interface\.venv\Lib\site-packages\sqlalchemy\orm\session.py", line 4480, in _flush
    with util.safe_reraise():
         ^^^^^^^^^^^^^^^^^^^
  File "d:\dev\open_projects\simple_chat_interface\.venv\Lib\site-packages\sqlalchemy\util\langhelpers.py", line 224, in __exit__
    raise exc_value.with_traceback(exc_tb)
  File "d:\dev\open_projects\simple_chat_interface\.venv\Lib\site-packages\sqlalchemy\orm\session.py", line 4441, in _flush
    flush_context.execute()
  File "d:\dev\open_projects\simple_chat_interface\.venv\Lib\site-packages\sqlalchemy\orm\unitofwork.py", line 466, in execute
    rec.execute(self)
  File "d:\dev\open_projects\simple_chat_interface\.venv\Lib\site-packages\sqlalchemy\orm\unitofwork.py", line 642, in execute
    util.preloaded.orm_persistence.save_obj(
  File "d:\dev\open_projects\simple_chat_interface\.venv\Lib\site-packages\sqlalchemy\orm\persistence.py", line 93, in save_obj
    _emit_insert_statements(
  File "d:\dev\open_projects\simple_chat_interface\.venv\Lib\site-packages\sqlalchemy\orm\persistence.py", line 1233, in _emit_insert_statements
    result = connection.execute(
             ^^^^^^^^^^^^^^^^^^^
  File "d:\dev\open_projects\simple_chat_interface\.venv\Lib\site-packages\sqlalchemy\engine\base.py", line 1415, in execute
    return meth(
           ^^^^^
  File "d:\dev\open_projects\simple_chat_interface\.venv\Lib\site-packages\sqlalchemy\sql\elements.py", line 523, in _execute_on_connection
    return connection._execute_clauseelement(
           ^^^^^^^^^^^^^^^^^^^^^^^^^^^^^^^^^^
  File "d:\dev\open_projects\simple_chat_interface\.venv\Lib\site-packages\sqlalchemy\engine\base.py", line 1637, in _execute_clauseelement
    ret = self._execute_context(
          ^^^^^^^^^^^^^^^^^^^^^^
  File "d:\dev\open_projects\simple_chat_interface\.venv\Lib\site-packages\sqlalchemy\engine\base.py", line 1842, in _execute_context
    return self._exec_single_context(
           ^^^^^^^^^^^^^^^^^^^^^^^^^^
  File "d:\dev\open_projects\simple_chat_interface\.venv\Lib\site-packages\sqlalchemy\engine\base.py", line 1982, in _exec_single_context
    self._handle_dbapi_exception(
  File "d:\dev\open_projects\simple_chat_interface\.venv\Lib\site-packages\sqlalchemy\engine\base.py", line 2351, in _handle_dbapi_exception
    raise sqlalchemy_exception.with_traceback(exc_info[2]) from e
  File "d:\dev\open_projects\simple_chat_interface\.venv\Lib\site-packages\sqlalchemy\engine\base.py", line 1963, in _exec_single_context
    self.dialect.do_execute(
  File "d:\dev\open_projects\simple_chat_interface\.venv\Lib\site-packages\sqlalchemy\engine\default.py", line 943, in do_execute
    cursor.execute(statement, parameters)
sqlalchemy.exc.IntegrityError: (sqlite3.IntegrityError) UNIQUE constraint failed: user.email
[SQL: INSERT INTO user (name, email) VALUES (?, ?)]
[parameters: ('string', 'string')]
(Background on this error at: https://sqlalche.me/e/20/gkpj)
